   1               		.file	"main.c"
   2               	__SREG__ = 0x3f
   3               	__SP_H__ = 0x3e
   4               	__SP_L__ = 0x3d
   5               	__CCP__  = 0x34
   6               	__tmp_reg__ = 0
   7               	__zero_reg__ = 1
  15               	.Ltext0:
  16               	.global	basic_setup
  18               	basic_setup:
  19               	.LFB2:
  20               	.LM1:
  21               	/* prologue: function */
  22               	/* frame size = 0 */
  23               	.LM2:
  24 0000 84B7      		in r24,84-32
  25 0002 877F      		andi r24,lo8(-9)
  26 0004 84BF      		out 84-32,r24
  27               	.LM3:
  28 0006 88E1      		ldi r24,lo8(24)
  29               	/* #APP */
  30               	 ;  45 "../../utils/main.c" 1
  31 0008 0FB6      		in __tmp_reg__, __SREG__
  32 000a F894      		cli
  33 000c 8093 6000 		sts 96, r24
  34 0010 1092 6000 		sts 96, __zero_reg__
  35 0014 0FBE      		out __SREG__,__tmp_reg__
  36               		
  37               	 ;  0 "" 2
  38               	/* #NOAPP */
  39               	.LBB5:
  40               	.LM4:
  41 0016 80E0      		ldi r24,lo8(0)
  42 0018 90E0      		ldi r25,hi8(0)
  43 001a 20E8      		ldi r18,lo8(-128)
  44               	/* #APP */
  45               	 ;  50 "../../utils/main.c" 1
  46 001c 0FB6      		in __tmp_reg__,__SREG__
  47 001e F894      		cli
  48 0020 2093 6100 		sts 97, r18
  49 0024 8093 6100 		sts 97, r24
  50 0028 0FBE      		out __SREG__, __tmp_reg__
  51               	 ;  0 "" 2
  52               	/* epilogue start */
  53               	/* #NOAPP */
  54               	.LBE5:
  55               	.LM5:
  56 002a 0895      		ret
  57               	.LFE2:
  59               	.global	main
  61               	main:
  62               	.LFB3:
  63               	.LM6:
  64               	/* prologue: function */
  65               	/* frame size = 0 */
  66               	.LBB6:
  67               	.LBB7:
  68               	.LM7:
  69 002c 84B7      		in r24,84-32
  70 002e 877F      		andi r24,lo8(-9)
  71 0030 84BF      		out 84-32,r24
  72               	.LM8:
  73 0032 88E1      		ldi r24,lo8(24)
  74               	/* #APP */
  75               	 ;  45 "../../utils/main.c" 1
  76 0034 0FB6      		in __tmp_reg__, __SREG__
  77 0036 F894      		cli
  78 0038 8093 6000 		sts 96, r24
  79 003c 1092 6000 		sts 96, __zero_reg__
  80 0040 0FBE      		out __SREG__,__tmp_reg__
  81               		
  82               	 ;  0 "" 2
  83               	/* #NOAPP */
  84               	.LBB8:
  85               	.LM9:
  86 0042 80E0      		ldi r24,lo8(0)
  87 0044 90E0      		ldi r25,hi8(0)
  88 0046 20E8      		ldi r18,lo8(-128)
  89               	/* #APP */
  90               	 ;  50 "../../utils/main.c" 1
  91 0048 0FB6      		in __tmp_reg__,__SREG__
  92 004a F894      		cli
  93 004c 2093 6100 		sts 97, r18
  94 0050 8093 6100 		sts 97, r24
  95 0054 0FBE      		out __SREG__, __tmp_reg__
  96               	 ;  0 "" 2
  97               	/* #NOAPP */
  98               	.LBE8:
  99               	.LBE7:
 100               	.LBE6:
 101               	.LM10:
 102 0056 0E94 0000 		call application_main
 103               	.LM11:
 104 005a 80E0      		ldi r24,lo8(0)
 105 005c 90E0      		ldi r25,hi8(0)
 106               	/* epilogue start */
 107 005e 0895      		ret
 108               	.LFE3:
 142               	.Letext0:
DEFINED SYMBOLS
                            *ABS*:00000000 main.c
/var/folders/hh/hhtmCPxAFD0g-dt-xVOMP++++TI/-Tmp-//ccSX0tlk.s:2      *ABS*:0000003f __SREG__
/var/folders/hh/hhtmCPxAFD0g-dt-xVOMP++++TI/-Tmp-//ccSX0tlk.s:3      *ABS*:0000003e __SP_H__
/var/folders/hh/hhtmCPxAFD0g-dt-xVOMP++++TI/-Tmp-//ccSX0tlk.s:4      *ABS*:0000003d __SP_L__
/var/folders/hh/hhtmCPxAFD0g-dt-xVOMP++++TI/-Tmp-//ccSX0tlk.s:5      *ABS*:00000034 __CCP__
/var/folders/hh/hhtmCPxAFD0g-dt-xVOMP++++TI/-Tmp-//ccSX0tlk.s:6      *ABS*:00000000 __tmp_reg__
/var/folders/hh/hhtmCPxAFD0g-dt-xVOMP++++TI/-Tmp-//ccSX0tlk.s:7      *ABS*:00000001 __zero_reg__
/var/folders/hh/hhtmCPxAFD0g-dt-xVOMP++++TI/-Tmp-//ccSX0tlk.s:18     .text:00000000 basic_setup
/var/folders/hh/hhtmCPxAFD0g-dt-xVOMP++++TI/-Tmp-//ccSX0tlk.s:61     .text:0000002c main

UNDEFINED SYMBOLS
application_main
